<?xml version="1.0" encoding="UTF-8"?>
<!-- Generated by org.testng.reporters.JUnitXMLReporter -->
<testsuite ignored="5" hostname="QNA-CD071" failures="0" tests="1" name="Login" time="14.348" errors="0" timestamp="2023-07-05T16:21:09 IST">
  <testcase classname="com.qa.nxstudio.test.LoginPageTest" name="loginPageTitleTest" time="0.027"/>
  <testcase classname="com.qa.nxstudio.test.LoginPageTest" name="loginPageURLTest" time="0.0">
    <ignored/>
  </testcase> <!-- loginPageURLTest -->
  <testcase classname="com.qa.nxstudio.test.LoginPageTest" name="blankCredentials" time="0.0">
    <ignored/>
  </testcase> <!-- blankCredentials -->
  <testcase classname="com.qa.nxstudio.test.LoginPageTest" name="invalidCredentials" time="0.0">
    <ignored/>
  </testcase> <!-- invalidCredentials -->
  <testcase classname="com.qa.nxstudio.test.LoginPageTest" name="validCredentials" time="0.0">
    <ignored/>
  </testcase> <!-- validCredentials -->
  <testcase classname="com.qa.nxstudio.test.LoginPageTest" name="dashboardPageHeadingTest" time="0.0">
    <ignored/>
  </testcase> <!-- dashboardPageHeadingTest -->
</testsuite> <!-- Login -->
