<?xml version="1.0" encoding="UTF-8"?>
<!-- Generated by org.testng.reporters.JUnitXMLReporter -->
<testsuite ignored="3" hostname="QNA-CD071" failures="0" tests="1" name="Login" time="13.149" errors="0" timestamp="2023-07-06T19:23:07 IST">
  <testcase classname="com.qa.nxstudio.test.LoginPageTest" name="loginPageTitleTest" time="0.047"/>
  <testcase classname="com.qa.nxstudio.test.LoginPageTest" name="loginpageHeadingExist" time="0.0">
    <ignored/>
  </testcase> <!-- loginpageHeadingExist -->
  <testcase classname="com.qa.nxstudio.test.LoginPageTest" name="loginPageURLTest" time="0.0">
    <ignored/>
  </testcase> <!-- loginPageURLTest -->
  <testcase classname="com.qa.nxstudio.test.LoginPageTest" name="validCredentials" time="0.0">
    <ignored/>
  </testcase> <!-- validCredentials -->
</testsuite> <!-- Login -->
